<?xml version="1.0" encoding="UTF-8"?>
<testng-results ignored="0" total="6" passed="5" failed="1" skipped="0">
  <reporter-output>
    <line>
      <![CDATA[Add Book Lable Add Book]]>
    </line>
    <line>
      <![CDATA[BookList Lable Book List]]>
    </line>
    <line>
      <![CDATA[Bookestrore Text BookStore Manager]]>
    </line>
    <line>
      <![CDATA[Title of Application Mirats | Book Store Test Project]]>
    </line>
    <line>
      <![CDATA[URL of Application https://book-store-manager.vercel.app/]]>
    </line>
  </reporter-output>
  <suite started-at="2024-03-22T19:13:26 IST" name="Default suite" finished-at="2024-03-22T19:14:22 IST" duration-ms="56425">
    <groups>
    </groups>
    <test started-at="2024-03-22T19:13:26 IST" name="Default test" finished-at="2024-03-22T19:14:22 IST" duration-ms="56425">
      <class name="testCases.BookStoreTest">
        <test-method is-config="true" signature="setup()[pri:0, instance:testCases.BookStoreTest@79e4c792]" started-at="2024-03-22T19:13:26 IST" name="setup" finished-at="2024-03-22T19:13:38 IST" duration-ms="11910" status="PASS">
          <reporter-output>
          </reporter-output>
        </test-method> <!-- setup -->
        <test-method signature="verifyAddBookLableTest()[pri:0, instance:testCases.BookStoreTest@79e4c792]" started-at="2024-03-22T19:13:38 IST" name="verifyAddBookLableTest" finished-at="2024-03-22T19:13:38 IST" duration-ms="251" status="PASS">
          <reporter-output>
            <line>
              <![CDATA[Add Book Lable Add Book]]>
            </line>
          </reporter-output>
        </test-method> <!-- verifyAddBookLableTest -->
        <test-method is-config="true" signature="closeBrowser()[pri:0, instance:testCases.BookStoreTest@79e4c792]" started-at="2024-03-22T19:13:38 IST" name="closeBrowser" finished-at="2024-03-22T19:13:39 IST" duration-ms="365" status="PASS">
          <reporter-output>
          </reporter-output>
        </test-method> <!-- closeBrowser -->
        <test-method is-config="true" signature="setup()[pri:0, instance:testCases.BookStoreTest@79e4c792]" started-at="2024-03-22T19:13:39 IST" name="setup" finished-at="2024-03-22T19:13:47 IST" duration-ms="8304" status="PASS">
          <reporter-output>
          </reporter-output>
        </test-method> <!-- setup -->
        <test-method signature="verifyBookListLableTest()[pri:0, instance:testCases.BookStoreTest@79e4c792]" started-at="2024-03-22T19:13:47 IST" name="verifyBookListLableTest" finished-at="2024-03-22T19:13:47 IST" duration-ms="78" status="PASS">
          <reporter-output>
            <line>
              <![CDATA[BookList Lable Book List]]>
            </line>
          </reporter-output>
        </test-method> <!-- verifyBookListLableTest -->
        <test-method is-config="true" signature="closeBrowser()[pri:0, instance:testCases.BookStoreTest@79e4c792]" started-at="2024-03-22T19:13:47 IST" name="closeBrowser" finished-at="2024-03-22T19:13:47 IST" duration-ms="357" status="PASS">
          <reporter-output>
          </reporter-output>
        </test-method> <!-- closeBrowser -->
        <test-method is-config="true" signature="setup()[pri:0, instance:testCases.BookStoreTest@79e4c792]" started-at="2024-03-22T19:13:47 IST" name="setup" finished-at="2024-03-22T19:13:56 IST" duration-ms="8974" status="PASS">
          <reporter-output>
          </reporter-output>
        </test-method> <!-- setup -->
        <test-method signature="verifyBookStoreTextTest()[pri:0, instance:testCases.BookStoreTest@79e4c792]" started-at="2024-03-22T19:13:56 IST" name="verifyBookStoreTextTest" finished-at="2024-03-22T19:13:56 IST" duration-ms="76" status="PASS">
          <reporter-output>
            <line>
              <![CDATA[Bookestrore Text BookStore Manager]]>
            </line>
          </reporter-output>
        </test-method> <!-- verifyBookStoreTextTest -->
        <test-method is-config="true" signature="closeBrowser()[pri:0, instance:testCases.BookStoreTest@79e4c792]" started-at="2024-03-22T19:13:56 IST" name="closeBrowser" finished-at="2024-03-22T19:13:57 IST" duration-ms="338" status="PASS">
          <reporter-output>
          </reporter-output>
        </test-method> <!-- closeBrowser -->
        <test-method is-config="true" signature="setup()[pri:0, instance:testCases.BookStoreTest@79e4c792]" started-at="2024-03-22T19:13:57 IST" name="setup" finished-at="2024-03-22T19:14:05 IST" duration-ms="7831" status="PASS">
          <reporter-output>
          </reporter-output>
        </test-method> <!-- setup -->
        <test-method signature="verifyTitleOfApplicationTest()[pri:0, instance:testCases.BookStoreTest@79e4c792]" started-at="2024-03-22T19:14:05 IST" name="verifyTitleOfApplicationTest" finished-at="2024-03-22T19:14:05 IST" duration-ms="25" status="PASS">
          <reporter-output>
            <line>
              <![CDATA[Title of Application Mirats | Book Store Test Project]]>
            </line>
          </reporter-output>
        </test-method> <!-- verifyTitleOfApplicationTest -->
        <test-method is-config="true" signature="closeBrowser()[pri:0, instance:testCases.BookStoreTest@79e4c792]" started-at="2024-03-22T19:14:05 IST" name="closeBrowser" finished-at="2024-03-22T19:14:05 IST" duration-ms="473" status="PASS">
          <reporter-output>
          </reporter-output>
        </test-method> <!-- closeBrowser -->
        <test-method is-config="true" signature="setup()[pri:0, instance:testCases.BookStoreTest@79e4c792]" started-at="2024-03-22T19:14:05 IST" name="setup" finished-at="2024-03-22T19:14:13 IST" duration-ms="7848" status="PASS">
          <reporter-output>
          </reporter-output>
        </test-method> <!-- setup -->
        <test-method signature="verifyTitleOfBookTest()[pri:0, instance:testCases.BookStoreTest@79e4c792]" started-at="2024-03-22T19:14:13 IST" name="verifyTitleOfBookTest" finished-at="2024-03-22T19:14:13 IST" duration-ms="45" status="FAIL">
          <exception class="org.openqa.selenium.NoSuchElementException">
            <message>
              <![CDATA[no such element: Unable to locate element: {"method":"xpath","selector":"//input[@id='title']"}
  (Session info: MicrosoftEdge=122.0.2365.92)
For documentation on this error, please visit: https://selenium.dev/exceptions/#no_such_element
Build info: version: '4.8.3', revision: 'e5e76298c3'
System info: os.name: 'Windows 10', os.arch: 'amd64', os.version: '10.0', java.version: '17.0.2'
Driver info: org.openqa.selenium.edge.EdgeDriver
Command: [22550d51091a6080b09602caaee789ca, findElement {using=xpath, value=//input[@id='title']}]
Capabilities {acceptInsecureCerts: false, browserName: MicrosoftEdge, browserVersion: 122.0.2365.92, fedcm:accounts: true, ms:edgeOptions: {debuggerAddress: localhost:57657}, msedge: {msedgedriverVersion: 122.0.2365.106 (a5761ec7165..., userDataDir: C:\Users\hp\AppData\Local\T...}, networkConnectionEnabled: false, pageLoadStrategy: normal, platformName: WINDOWS, proxy: Proxy(), se:cdp: ws://localhost:57657/devtoo..., se:cdpVersion: 122.0.2365.92, setWindowRect: true, strictFileInteractability: false, timeouts: {implicit: 0, pageLoad: 300000, script: 30000}, unhandledPromptBehavior: dismiss and notify, webauthn:extension:credBlob: true, webauthn:extension:largeBlob: true, webauthn:extension:minPinLength: true, webauthn:extension:prf: true, webauthn:virtualAuthenticators: true}
Session ID: 22550d51091a6080b09602caaee789ca]]>
            </message>
            <full-stacktrace>
              <![CDATA[org.openqa.selenium.NoSuchElementException: no such element: Unable to locate element: {"method":"xpath","selector":"//input[@id='title']"}
  (Session info: MicrosoftEdge=122.0.2365.92)
For documentation on this error, please visit: https://selenium.dev/exceptions/#no_such_element
Build info: version: '4.8.3', revision: 'e5e76298c3'
System info: os.name: 'Windows 10', os.arch: 'amd64', os.version: '10.0', java.version: '17.0.2'
Driver info: org.openqa.selenium.edge.EdgeDriver
Command: [22550d51091a6080b09602caaee789ca, findElement {using=xpath, value=//input[@id='title']}]
Capabilities {acceptInsecureCerts: false, browserName: MicrosoftEdge, browserVersion: 122.0.2365.92, fedcm:accounts: true, ms:edgeOptions: {debuggerAddress: localhost:57657}, msedge: {msedgedriverVersion: 122.0.2365.106 (a5761ec7165..., userDataDir: C:\Users\hp\AppData\Local\T...}, networkConnectionEnabled: false, pageLoadStrategy: normal, platformName: WINDOWS, proxy: Proxy(), se:cdp: ws://localhost:57657/devtoo..., se:cdpVersion: 122.0.2365.92, setWindowRect: true, strictFileInteractability: false, timeouts: {implicit: 0, pageLoad: 300000, script: 30000}, unhandledPromptBehavior: dismiss and notify, webauthn:extension:credBlob: true, webauthn:extension:largeBlob: true, webauthn:extension:minPinLength: true, webauthn:extension:prf: true, webauthn:virtualAuthenticators: true}
Session ID: 22550d51091a6080b09602caaee789ca
at java.base/jdk.internal.reflect.NativeConstructorAccessorImpl.newInstance0(Native Method)
at java.base/jdk.internal.reflect.NativeConstructorAccessorImpl.newInstance(NativeConstructorAccessorImpl.java:77)
at java.base/jdk.internal.reflect.DelegatingConstructorAccessorImpl.newInstance(DelegatingConstructorAccessorImpl.java:45)
at java.base/java.lang.reflect.Constructor.newInstanceWithCaller(Constructor.java:499)
at java.base/java.lang.reflect.Constructor.newInstance(Constructor.java:480)
at org.openqa.selenium.remote.codec.w3c.W3CHttpResponseCodec.createException(W3CHttpResponseCodec.java:200)
at org.openqa.selenium.remote.codec.w3c.W3CHttpResponseCodec.decode(W3CHttpResponseCodec.java:133)
at org.openqa.selenium.remote.codec.w3c.W3CHttpResponseCodec.decode(W3CHttpResponseCodec.java:53)
at org.openqa.selenium.remote.HttpCommandExecutor.execute(HttpCommandExecutor.java:193)
at org.openqa.selenium.remote.service.DriverCommandExecutor.invokeExecute(DriverCommandExecutor.java:183)
at org.openqa.selenium.remote.service.DriverCommandExecutor.execute(DriverCommandExecutor.java:158)
at org.openqa.selenium.remote.RemoteWebDriver.execute(RemoteWebDriver.java:543)
at org.openqa.selenium.remote.ElementLocation$ElementFinder$2.findElement(ElementLocation.java:162)
at org.openqa.selenium.remote.ElementLocation.findElement(ElementLocation.java:60)
at org.openqa.selenium.remote.RemoteWebDriver.findElement(RemoteWebDriver.java:352)
at org.openqa.selenium.remote.RemoteWebDriver.findElement(RemoteWebDriver.java:344)
at org.openqa.selenium.support.pagefactory.DefaultElementLocator.findElement(DefaultElementLocator.java:70)
at org.openqa.selenium.support.pagefactory.internal.LocatingElementHandler.invoke(LocatingElementHandler.java:39)
at jdk.proxy2/jdk.proxy2.$Proxy19.sendKeys(Unknown Source)
at pages.BookStore.verifyTitleOfBook(BookStore.java:52)
at testCases.BookStoreTest.verifyTitleOfBookTest(BookStoreTest.java:61)
at java.base/jdk.internal.reflect.NativeMethodAccessorImpl.invoke0(Native Method)
at java.base/jdk.internal.reflect.NativeMethodAccessorImpl.invoke(NativeMethodAccessorImpl.java:77)
at java.base/jdk.internal.reflect.DelegatingMethodAccessorImpl.invoke(DelegatingMethodAccessorImpl.java:43)
at java.base/java.lang.reflect.Method.invoke(Method.java:568)
at org.testng.internal.invokers.MethodInvocationHelper.invokeMethod(MethodInvocationHelper.java:139)
at org.testng.internal.invokers.TestInvoker.invokeMethod(TestInvoker.java:677)
at org.testng.internal.invokers.TestInvoker.invokeTestMethod(TestInvoker.java:221)
at org.testng.internal.invokers.MethodRunner.runInSequence(MethodRunner.java:50)
at org.testng.internal.invokers.TestInvoker$MethodInvocationAgent.invoke(TestInvoker.java:969)
at org.testng.internal.invokers.TestInvoker.invokeTestMethods(TestInvoker.java:194)
at org.testng.internal.invokers.TestMethodWorker.invokeTestMethods(TestMethodWorker.java:148)
at org.testng.internal.invokers.TestMethodWorker.run(TestMethodWorker.java:128)
at java.base/java.util.ArrayList.forEach(ArrayList.java:1511)
at org.testng.TestRunner.privateRun(TestRunner.java:829)
at org.testng.TestRunner.run(TestRunner.java:602)
at org.testng.SuiteRunner.runTest(SuiteRunner.java:437)
at org.testng.SuiteRunner.runSequentially(SuiteRunner.java:431)
at org.testng.SuiteRunner.privateRun(SuiteRunner.java:391)
at org.testng.SuiteRunner.run(SuiteRunner.java:330)
at org.testng.SuiteRunnerWorker.runSuite(SuiteRunnerWorker.java:52)
at org.testng.SuiteRunnerWorker.run(SuiteRunnerWorker.java:95)
at org.testng.TestNG.runSuitesSequentially(TestNG.java:1256)
at org.testng.TestNG.runSuitesLocally(TestNG.java:1176)
at org.testng.TestNG.runSuites(TestNG.java:1099)
at org.testng.TestNG.run(TestNG.java:1067)
at org.testng.remote.AbstractRemoteTestNG.run(AbstractRemoteTestNG.java:115)
at org.testng.remote.RemoteTestNG.initAndRun(RemoteTestNG.java:251)
at org.testng.remote.RemoteTestNG.main(RemoteTestNG.java:77)
]]>
            </full-stacktrace>
          </exception> <!-- org.openqa.selenium.NoSuchElementException -->
          <reporter-output>
          </reporter-output>
        </test-method> <!-- verifyTitleOfBookTest -->
        <test-method is-config="true" signature="closeBrowser()[pri:0, instance:testCases.BookStoreTest@79e4c792]" started-at="2024-03-22T19:14:13 IST" name="closeBrowser" finished-at="2024-03-22T19:14:13 IST" duration-ms="297" status="PASS">
          <reporter-output>
          </reporter-output>
        </test-method> <!-- closeBrowser -->
        <test-method is-config="true" signature="setup()[pri:0, instance:testCases.BookStoreTest@79e4c792]" started-at="2024-03-22T19:14:13 IST" name="setup" finished-at="2024-03-22T19:14:22 IST" duration-ms="8773" status="PASS">
          <reporter-output>
          </reporter-output>
        </test-method> <!-- setup -->
        <test-method signature="verifyURLofApplicationTest()[pri:0, instance:testCases.BookStoreTest@79e4c792]" started-at="2024-03-22T19:14:22 IST" name="verifyURLofApplicationTest" finished-at="2024-03-22T19:14:22 IST" duration-ms="18" status="PASS">
          <reporter-output>
            <line>
              <![CDATA[URL of Application https://book-store-manager.vercel.app/]]>
            </line>
          </reporter-output>
        </test-method> <!-- verifyURLofApplicationTest -->
        <test-method is-config="true" signature="closeBrowser()[pri:0, instance:testCases.BookStoreTest@79e4c792]" started-at="2024-03-22T19:14:22 IST" name="closeBrowser" finished-at="2024-03-22T19:14:22 IST" duration-ms="327" status="PASS">
          <reporter-output>
          </reporter-output>
        </test-method> <!-- closeBrowser -->
      </class> <!-- testCases.BookStoreTest -->
    </test> <!-- Default test -->
  </suite> <!-- Default suite -->
</testng-results>
